<?xml version="1.0" encoding="UTF-8" ?>
<testsuite tests="4" failures="0" name="jeejava.rest.SpringRestControllerTest" time="1.667" errors="0" skipped="0">
  <properties>
    <property name="java.runtime.name" value="Java(TM) SE Runtime Environment"/>
    <property name="sun.boot.library.path" value="C:\jdk1.8.0_191\jre\bin"/>
    <property name="java.vm.version" value="25.191-b12"/>
    <property name="java.vm.vendor" value="Oracle Corporation"/>
    <property name="maven.multiModuleProjectDirectory" value="C:\Users\Robin\eclipse-workspace\java.Sat.Recruitmentv2"/>
    <property name="java.vendor.url" value="http://java.oracle.com/"/>
    <property name="path.separator" value=";"/>
    <property name="guice.disable.misplaced.annotation.check" value="true"/>
    <property name="java.vm.name" value="Java HotSpot(TM) 64-Bit Server VM"/>
    <property name="file.encoding.pkg" value="sun.io"/>
    <property name="user.script" value=""/>
    <property name="user.country" value="US"/>
    <property name="sun.java.launcher" value="SUN_STANDARD"/>
    <property name="sun.os.patch.level" value=""/>
    <property name="java.vm.specification.name" value="Java Virtual Machine Specification"/>
    <property name="user.dir" value="C:\Users\Robin\eclipse-workspace\java.Sat.Recruitmentv2"/>
    <property name="java.runtime.version" value="1.8.0_191-b12"/>
    <property name="java.awt.graphicsenv" value="sun.awt.Win32GraphicsEnvironment"/>
    <property name="java.endorsed.dirs" value="C:\jdk1.8.0_191\jre\lib\endorsed"/>
    <property name="os.arch" value="amd64"/>
    <property name="java.io.tmpdir" value="C:\Users\Robin\AppData\Local\Temp\"/>
    <property name="line.separator" value="
"/>
    <property name="java.vm.specification.vendor" value="Oracle Corporation"/>
    <property name="user.variant" value=""/>
    <property name="os.name" value="Windows 10"/>
    <property name="classworlds.conf" value="C:\Users\Robin\eclipse-workspace\.metadata\.plugins\org.eclipse.m2e.launching\launches\m2conf8419682402144342620.tmp"/>
    <property name="sun.jnu.encoding" value="Cp1252"/>
    <property name="java.library.path" value="C:\jdk1.8.0_191\bin;C:\WINDOWS\Sun\Java\bin;C:\WINDOWS\system32;C:\WINDOWS;D:/Java/jdk1.8.0_45/bin/client;D:/Java/jdk1.8.0_45/bin;D:/Java/jdk1.8.0_45/lib/i386;C:\WINDOWS\system32;C:\WINDOWS;C:\WINDOWS\System32\Wbem;C:\WINDOWS\System32\WindowsPowerShell\v1.0\;C:\WINDOWS\System32\OpenSSH\;C:\jdk1.8.0_191\bin;C:\Program Files\nodejs\;D:\apache-ant-1.9.15\bin;C:\Program Files\php-7.4.28;C:\ProgramData\ComposerSetup\bin;D:\gradle-7.4.2\bin;C:\Users\Robin\AppData\Local\Microsoft\WindowsApps;C:\Program Files\MongoDB\Server\4.4\bin;C:\flutter\bin;C:\Users\Robin\AppData\Roaming\npm;C:\Users\Robin\AppData\Local\Programs\Microsoft VS Code\bin;C:\Users\Robin\go\bin;C:\Users\Robin\AppData\Roaming\Composer\vendor\bin;D:\eclipse\jee-2018-09\eclipse;;."/>
    <property name="java.specification.name" value="Java Platform API Specification"/>
    <property name="java.class.version" value="52.0"/>
    <property name="sun.management.compiler" value="HotSpot 64-Bit Tiered Compilers"/>
    <property name="os.version" value="10.0"/>
    <property name="user.home" value="C:\Users\Robin"/>
    <property name="user.timezone" value="America/Caracas"/>
    <property name="java.awt.printerjob" value="sun.awt.windows.WPrinterJob"/>
    <property name="java.specification.version" value="1.8"/>
    <property name="file.encoding" value="Cp1252"/>
    <property name="user.name" value="Robin"/>
    <property name="java.class.path" value="C:\Users\Robin\.p2\pool\plugins\org.eclipse.m2e.maven.runtime_1.9.1.20180912-1600\jars\plexus-classworlds-2.5.2.jar"/>
    <property name="java.vm.specification.version" value="1.8"/>
    <property name="sun.arch.data.model" value="64"/>
    <property name="java.home" value="C:\jdk1.8.0_191\jre"/>
    <property name="sun.java.command" value="org.codehaus.plexus.classworlds.launcher.Launcher -B clean install"/>
    <property name="java.specification.vendor" value="Oracle Corporation"/>
    <property name="user.language" value="en"/>
    <property name="awt.toolkit" value="sun.awt.windows.WToolkit"/>
    <property name="java.vm.info" value="mixed mode"/>
    <property name="java.version" value="1.8.0_191"/>
    <property name="java.ext.dirs" value="C:\jdk1.8.0_191\jre\lib\ext;C:\WINDOWS\Sun\Java\lib\ext"/>
    <property name="sun.boot.class.path" value="C:\jdk1.8.0_191\jre\lib\resources.jar;C:\jdk1.8.0_191\jre\lib\rt.jar;C:\jdk1.8.0_191\jre\lib\sunrsasign.jar;C:\jdk1.8.0_191\jre\lib\jsse.jar;C:\jdk1.8.0_191\jre\lib\jce.jar;C:\jdk1.8.0_191\jre\lib\charsets.jar;C:\jdk1.8.0_191\jre\lib\jfr.jar;C:\jdk1.8.0_191\jre\classes"/>
    <property name="java.vendor" value="Oracle Corporation"/>
    <property name="maven.home" value="C:\Users\Robin\eclipse-workspace\java.Sat.Recruitmentv2\EMBEDDED"/>
    <property name="file.separator" value="\"/>
    <property name="java.vendor.url.bug" value="http://bugreport.sun.com/bugreport/"/>
    <property name="sun.cpu.endian" value="little"/>
    <property name="sun.io.unicode.encoding" value="UnicodeLittle"/>
    <property name="sun.desktop" value="windows"/>
    <property name="sun.cpu.isalist" value="amd64"/>
  </properties>
  <testcase classname="jeejava.rest.SpringRestControllerTest" name="testSaveUser" time="1.334"/>
  <testcase classname="jeejava.rest.SpringRestControllerTest" name="testUpdateUser" time="0.108"/>
  <testcase classname="jeejava.rest.SpringRestControllerTest" name="testDeleteUserByid" time="0.064"/>
  <testcase classname="jeejava.rest.SpringRestControllerTest" name="testGetUserById" time="0.161"/>
</testsuite>